<?xml version="1.0" encoding="UTF-8"?>
<!-- Generated by org.testng.reporters.JUnitReportReporter -->
<testsuite skipped="0" hostname="ip-172-31-73-65" name="test.LoginTest" tests="1" failures="0" timestamp="2021-06-20T05:52:28 UTC" time="6.195" errors="0">
  <testcase name="LoginTest1" time="6.195" classname="test.LoginTest"/>
  <system-out/>
</testsuite> <!-- test.LoginTest -->
